[debug] [2019-04-07T17:41:12.466Z] ----------------------------------------------------------------------
[debug] [2019-04-07T17:41:12.468Z] Command:       /home/kasiaolenycz/.nvm/versions/node/v11.9.0/bin/node /home/kasiaolenycz/.nvm/versions/node/v11.9.0/bin/firebase init
[debug] [2019-04-07T17:41:12.468Z] CLI Version:   6.5.3
[debug] [2019-04-07T17:41:12.468Z] Platform:      linux
[debug] [2019-04-07T17:41:12.468Z] Node Version:  v11.9.0
[debug] [2019-04-07T17:41:12.468Z] Time:          Sun Apr 07 2019 19:41:12 GMT+0200 (Central European Summer Time)
[debug] [2019-04-07T17:41:12.468Z] ----------------------------------------------------------------------
[debug] 
[debug] [2019-04-07T17:41:12.473Z] > command requires scopes: ["email","openid","https://www.googleapis.com/auth/cloudplatformprojects.readonly","https://www.googleapis.com/auth/firebase","https://www.googleapis.com/auth/cloud-platform"]
[debug] [2019-04-07T17:41:12.473Z] > authorizing via signed-in user
[info] 
     ######## #### ########  ######## ########     ###     ######  ########
     ##        ##  ##     ## ##       ##     ##  ##   ##  ##       ##
     ######    ##  ########  ######   ########  #########  ######  ######
     ##        ##  ##    ##  ##       ##     ## ##     ##       ## ##
     ##       #### ##     ## ######## ########  ##     ##  ######  ########

You're about to initialize a Firebase project in this directory:

  /home/kasiaolenycz/Desktop/jfdz10-bubble-app

[info] 
=== Project Setup
[info] 
[info] First, let's associate this project directory with a Firebase project.
[info] You can create multiple project aliases by running firebase use --add, 
[info] but for now we'll just set up a default project.
[info] 
[debug] [2019-04-07T17:41:59.926Z] > refreshing access token with scopes: ["email","https://www.googleapis.com/auth/cloud-platform","https://www.googleapis.com/auth/cloudplatformprojects.readonly","https://www.googleapis.com/auth/firebase","openid"]
[debug] [2019-04-07T17:41:59.926Z] >>> HTTP REQUEST POST https://www.googleapis.com/oauth2/v3/token  
 <request body omitted>
[debug] [2019-04-07T17:42:00.182Z] <<< HTTP RESPONSE 200
[debug] [2019-04-07T17:42:00.189Z] >>> HTTP REQUEST GET https://firebase.googleapis.com/v1beta1/projects?page_size=100  
 
[debug] [2019-04-07T17:42:00.719Z] <<< HTTP RESPONSE 200
